C51 COMPILER V9.60.7.0   MAIN                                                              01/11/2025 20:48:18 PAGE 1   


C51 COMPILER V9.60.7.0, COMPILATION OF MODULE MAIN
OBJECT MODULE PLACED IN .\Objects\main.obj
COMPILER INVOKED BY: C:\Keil_v5\C51\BIN\C51.EXE main.c OPTIMIZE(8,SPEED) BROWSE DEBUG OBJECTEXTEND PRINT(.\Listings\main
                    -.lst) TABS(2) OBJECT(.\Objects\main.obj)

line level    source

   1          #include <REGX52.H>
   2          #include <INTRINS.h>
   3          
   4          void Delay(void);
   5          
   6          int main(void)
   7          {
   8   1        int temp = 0x01;
   9   1        int i;
  10   1        
  11   1        for (i = 0, temp = 0x01; i < 8; i++)
  12   1        {
  13   2          P2 = ~temp;
  14   2          temp <<= 1;
  15   2          Delay();
  16   2          P2 = 0xff;
  17   2        }
  18   1      }
  19          
  20          void Delay()    //@11.0592MHz
  21          {
  22   1        unsigned char i, j;
  23   1      
  24   1        i = 180;
  25   1        j = 73;
  26   1        do
  27   1        {
  28   2          while (--j);
  29   2        } while (--i);
  30   1      }
*** WARNING C290 IN LINE 18 OF main.c: missing return value


MODULE INFORMATION:   STATIC OVERLAYABLE
   CODE SIZE        =     67    ----
   CONSTANT SIZE    =   ----    ----
   XDATA SIZE       =   ----    ----
   PDATA SIZE       =   ----    ----
   DATA SIZE        =   ----       4
   IDATA SIZE       =   ----    ----
   BIT SIZE         =   ----    ----
END OF MODULE INFORMATION.


C51 COMPILATION COMPLETE.  1 WARNING(S),  0 ERROR(S)
