C51 COMPILER V9.60.7.0   MAIN                                                              01/16/2025 21:53:19 PAGE 1   


C51 COMPILER V9.60.7.0, COMPILATION OF MODULE MAIN
OBJECT MODULE PLACED IN .\Objects\main.obj
COMPILER INVOKED BY: C:\Keil_v5\C51\BIN\C51.EXE main.c OPTIMIZE(8,SPEED) BROWSE DEBUG OBJECTEXTEND PRINT(.\Listings\main
                    -.lst) OBJECT(.\Objects\main.obj)

line level    source

   1          #include <REGX52.H>
   2          #include <intrins.h>
   3          
   4          void delay(unsigned int);
   5          void show_digital(int, char);
   6          
   7          void main(void)
   8          {
   9   1              int i = 0;
  10   1              int i1 = 0;
  11   1              enum num {
  12   1                      one, two, three,
  13   1                      four, five, six, 
  14   1                      seven, eight, nine, 
  15   1                      zero};
  16   1              
  17   1              char led_digital[] = {
  18   1                      0x06, 0x5b, 0x4f, 
  19   1                      0x66, 0x6d, 0x7d,
  20   1                      0x07, 0x7f, 0x6f,
  21   1                      0x3f
  22   1              };
  23   1              // 0 0 0 0  0 0 0 0
  24   1              //dp g f e  d c b a
  25   1              
  26   1              // P2_4 = 0;
  27   1              // P2_3 = 0;
  28   1              // P2_2 = 0;
  29   1              //     0 0 0 0  0 0 0 0
  30   1              // P2_7  6 5 4  3 2 1 0
  31   1              
  32   1              // P2 = 0x04;
  33   1              while (1)
  34   1              {
  35   2                      for (i = 0; i < 8; i++)
  36   2                      {
  37   3                              show_digital(i, i);
  38   3                              delay(500);
  39   3                      }
  40   2              }
  41   1              
  42   1              while(1);
  43   1      }
  44          void delay(unsigned int x)              //@11.0592MHz
  45          {
  46   1              unsigned char i, j;
  47   1      
  48   1              while (x)
  49   1              {
  50   2                      _nop_();
  51   2                      i = 2;
  52   2                      j = 199;
  53   2                      do
  54   2                      {
C51 COMPILER V9.60.7.0   MAIN                                                              01/16/2025 21:53:19 PAGE 2   

  55   3                              while (--j);
  56   3                      } while (--i);
  57   2                      x--;
  58   2              }       
  59   1      }
  60          void show_digital(int num, char index)
  61          {
  62   1              char led_digital[] = {
  63   1                      0x06, 0x5b, 0x4f, // 1, 2, 3
  64   1                      0x66, 0x6d, 0x7d, // 4, 5, 6
  65   1                      0x07, 0x7f, 0x6f,// 7, 8, 9
  66   1                      0x3f // 0
  67   1              };
  68   1              
  69   1              P2 = 0x00;
  70   1              index = index << 2;
  71   1              P2 = P2 | index;
  72   1      
  73   1              P0 = led_digital[num];
  74   1      }


MODULE INFORMATION:   STATIC OVERLAYABLE
   CODE SIZE        =    136    ----
   CONSTANT SIZE    =     20    ----
   XDATA SIZE       =   ----    ----
   PDATA SIZE       =   ----    ----
   DATA SIZE        =   ----      27
   IDATA SIZE       =   ----    ----
   BIT SIZE         =   ----    ----
END OF MODULE INFORMATION.


C51 COMPILATION COMPLETE.  0 WARNING(S),  0 ERROR(S)
