C51 COMPILER V9.60.7.0   MAIN                                                              01/12/2025 16:09:21 PAGE 1   


C51 COMPILER V9.60.7.0, COMPILATION OF MODULE MAIN
OBJECT MODULE PLACED IN .\Objects\main.obj
COMPILER INVOKED BY: C:\Keil_v5\C51\BIN\C51.EXE main.c OPTIMIZE(8,SPEED) BROWSE DEBUG OBJECTEXTEND PRINT(.\Listings\main
                    -.lst) OBJECT(.\Objects\main.obj)

line level    source

   1          #include <REGX52.H>
   2          #include <intrins.h>
   3          
   4          void delay(unsigned int);
   5          
   6          void main(void)
   7          {
   8   1              int had_clicked = 0;
   9   1              
  10   1              while (1)
  11   1              {
  12   2                      if (P3_1 == 0)
  13   2                      {
  14   3                              delay(20); // Eliminate jitter
  15   3                              while (P3_1 == 0);
  16   3                              delay(20); // Eliminate jitter
  17   3                              
  18   3                              P2_0 = ~P2_0; // Each time a key is pressed, the value is negative.
  19   3                      }
  20   2              }
  21   1      }
  22          
  23          void delay(unsigned int x)              //@11.0592MHz
  24          {
  25   1              unsigned char i, j;
  26   1      
  27   1              while (x)
  28   1              {
  29   2                      _nop_();
  30   2                      i = 2;
  31   2                      j = 199;
  32   2                      do
  33   2                      {
  34   3                              while (--j);
  35   3                      } while (--i);
  36   2                      x--;
  37   2              }       
  38   1      }


MODULE INFORMATION:   STATIC OVERLAYABLE
   CODE SIZE        =     50    ----
   CONSTANT SIZE    =   ----    ----
   XDATA SIZE       =   ----    ----
   PDATA SIZE       =   ----    ----
   DATA SIZE        =   ----       2
   IDATA SIZE       =   ----    ----
   BIT SIZE         =   ----    ----
END OF MODULE INFORMATION.


C51 COMPILATION COMPLETE.  0 WARNING(S),  0 ERROR(S)
