C51 COMPILER V9.60.7.0   MAIN                                                              01/12/2025 14:57:27 PAGE 1   


C51 COMPILER V9.60.7.0, COMPILATION OF MODULE MAIN
OBJECT MODULE PLACED IN .\Objects\main.obj
COMPILER INVOKED BY: C:\Keil_v5\C51\BIN\C51.EXE main.c OPTIMIZE(8,SPEED) BROWSE DEBUG OBJECTEXTEND PRINT(.\Listings\main
                    -.lst) OBJECT(.\Objects\main.obj)

line level    source

   1          #include <REGX52.H>
   2          
   3          int main(void)
   4          {
   5   1              while(1)
   6   1              {
   7   2                      
   8   2                      if (P3_1 == 0)
   9   2                      {
  10   3                              P2_0 = 0;
  11   3                      }
  12   2                      else
  13   2                      {
  14   3                              P2_0 = 1;
  15   3                      }
  16   2                      
  17   2                      if (P3_0 == 0)
  18   2                      {
  19   3                              P2_1 = 0;
  20   3                      }
  21   2                      else
  22   2                      {
  23   3                              P2_1 = 1;
  24   3                      }
  25   2                      
  26   2                      if (P3_2 == 0)
  27   2                      {
  28   3                              P2_2 = 0;
  29   3                      }
  30   2                      else
  31   2                      {
  32   3                              P2_2 = 1;
  33   3                      }
  34   2                      
  35   2                      if (P3_3 == 0)
  36   2                      {
  37   3                              P2_3 = 0;
  38   3                      }
  39   2                      else
  40   2                      {
  41   3                              P2_3 = 1;
  42   3                      }
  43   2              }
  44   1              
  45   1          return 0;
  46   1      }
*** WARNING C294 IN LINE 45 OF main.c: unreachable code


MODULE INFORMATION:   STATIC OVERLAYABLE
   CODE SIZE        =     38    ----
   CONSTANT SIZE    =   ----    ----
   XDATA SIZE       =   ----    ----
   PDATA SIZE       =   ----    ----
C51 COMPILER V9.60.7.0   MAIN                                                              01/12/2025 14:57:27 PAGE 2   

   DATA SIZE        =   ----    ----
   IDATA SIZE       =   ----    ----
   BIT SIZE         =   ----    ----
END OF MODULE INFORMATION.


C51 COMPILATION COMPLETE.  1 WARNING(S),  0 ERROR(S)
