C51 COMPILER V9.60.7.0   MAIN                                                              01/13/2025 20:54:50 PAGE 1   


C51 COMPILER V9.60.7.0, COMPILATION OF MODULE MAIN
OBJECT MODULE PLACED IN .\Objects\main.obj
COMPILER INVOKED BY: C:\Keil_v5\C51\BIN\C51.EXE main.c OPTIMIZE(8,SPEED) BROWSE DEBUG OBJECTEXTEND PRINT(.\Listings\main
                    -.lst) OBJECT(.\Objects\main.obj)

line level    source

   1          #include <REGX52.H>
   2          #include <intrins.h>
   3          
   4          void delay(unsigned int);
   5          
   6          void main(void)
   7          {
   8   1              int temp = 0x80; // 1000 0000
   9   1              
  10   1              P2 = 0x7f; // 0111 1111
  11   1              
  12   1              while (1)
  13   1              {
  14   2                      if (P3_1 == 0)
  15   2                      {
  16   3                              delay(20); // Eliminate jitter
  17   3                              while (P3_1 == 0);
  18   3                              delay(20); // Eliminate jitter
  19   3                              
  20   3                              temp = temp >> 1; // 0100 0000
  21   3                              if (temp == 0x00)
  22   3                              {
  23   4                                      temp = 0x80;
  24   4                              }
  25   3                              P2 = ~temp;
  26   3                      }
  27   2                      else if (P3_0 == 0)
  28   2                      {
  29   3                              delay(20); // Eliminate jitter
  30   3                              while (P3_0 == 0);
  31   3                              delay(20); // Eliminate jitter
  32   3                              
  33   3                              temp = temp << 1; // 0000 0000
  34   3                              if (temp == 0x100)
  35   3                              {
  36   4                                      temp = 0x01;
  37   4                              }
  38   3                              P2 = ~temp;
  39   3                      }
  40   2              }
  41   1      }
  42                  
  43          void delay(unsigned int x)              //@11.0592MHz
  44          {
  45   1              unsigned char i, j;
  46   1      
  47   1              while (x)
  48   1              {
  49   2                      _nop_();
  50   2                      i = 2;
  51   2                      j = 199;
  52   2                      do
  53   2                      {
  54   3                              while (--j);
C51 COMPILER V9.60.7.0   MAIN                                                              01/13/2025 20:54:50 PAGE 2   

  55   3                      } while (--i);
  56   2                      x--;
  57   2              }       
  58   1      }


MODULE INFORMATION:   STATIC OVERLAYABLE
   CODE SIZE        =    119    ----
   CONSTANT SIZE    =   ----    ----
   XDATA SIZE       =   ----    ----
   PDATA SIZE       =   ----    ----
   DATA SIZE        =   ----       2
   IDATA SIZE       =   ----    ----
   BIT SIZE         =   ----    ----
END OF MODULE INFORMATION.


C51 COMPILATION COMPLETE.  0 WARNING(S),  0 ERROR(S)
