C51 COMPILER V9.60.7.0   MAIN                                                              01/12/2025 15:29:51 PAGE 1   


C51 COMPILER V9.60.7.0, COMPILATION OF MODULE MAIN
OBJECT MODULE PLACED IN .\Objects\main.obj
COMPILER INVOKED BY: C:\Keil_v5\C51\BIN\C51.EXE main.c OPTIMIZE(8,SPEED) BROWSE DEBUG OBJECTEXTEND PRINT(.\Listings\main
                    -.lst) OBJECT(.\Objects\main.obj)

line level    source

   1          #include <REGX52.H>
   2          #include <INTRINS.h>
   3          
   4          void Delay(void);
   5          
   6          int main(void)
   7          {
   8   1              int temp = 0x01;
   9   1              int i;
  10   1              int LED_count = 8;
  11   1              
  12   1              for (i = 0, temp = 0x01; i < LED_count; i++)
  13   1              {
  14   2                      P2 = ~temp;
  15   2                      temp <<= 1;
  16   2                      Delay();
  17   2                      P2 = 0xff;
  18   2              }
  19   1              
  20   1              for (i = 0, temp = 0x80; i < LED_count; i++)
  21   1              {
  22   2                      P2 = ~temp;
  23   2                      temp >>= 1;
  24   2                      Delay();
  25   2                      P2 = 0xff;
  26   2              }
  27   1              
  28   1              return 0;
  29   1      }
  30          
  31          void Delay()            //@11.0592MHz
  32          {
  33   1              unsigned char i, j;
  34   1      
  35   1              i = 180;
  36   1              j = 73;
  37   1              do
  38   1              {
  39   2                      while (--j);
  40   2              } while (--i);
  41   1      }


MODULE INFORMATION:   STATIC OVERLAYABLE
   CODE SIZE        =    144    ----
   CONSTANT SIZE    =   ----    ----
   XDATA SIZE       =   ----    ----
   PDATA SIZE       =   ----    ----
   DATA SIZE        =   ----       6
   IDATA SIZE       =   ----    ----
   BIT SIZE         =   ----    ----
END OF MODULE INFORMATION.


C51 COMPILATION COMPLETE.  0 WARNING(S),  0 ERROR(S)
