C51 COMPILER V9.60.7.0   MAIN                                                              01/16/2025 22:09:17 PAGE 1   


C51 COMPILER V9.60.7.0, COMPILATION OF MODULE MAIN
OBJECT MODULE PLACED IN .\Objects\main.obj
COMPILER INVOKED BY: C:\Keil_v5\C51\BIN\C51.EXE main.c OPTIMIZE(8,SPEED) BROWSE DEBUG OBJECTEXTEND PRINT(.\Listings\main
                    -.lst) OBJECT(.\Objects\main.obj)

line level    source

   1          #include <REGX52.H>
   2          #include <intrins.h>
   3          
   4          void delay(unsigned int);
   5          void show_digital(char, char);
   6          
   7          void main(void)
   8          {
   9   1              int i = 0;
  10   1              // 0 0 0 0  0 0 0 0
  11   1              //dp g f e  d c b a
  12   1              
  13   1              //     0 0 0 0  0 0 0 0
  14   1              // P2_7  6 5 4  3 2 1 0
  15   1              
  16   1              // P2 = 0x04;
  17   1              while (1)
  18   1              {
  19   2                      for (i = 0; i < 8; i++)
  20   2                      {
  21   3                              show_digital(i, i);
  22   3                              delay(1);
  23   3                              show_digital(0, i);
  24   3                      }
  25   2              }
  26   1              
  27   1              while(1);
  28   1      }
  29          void delay(unsigned int x)              //@11.0592MHz
  30          {
  31   1              unsigned char i, j;
  32   1      
  33   1              while (x)
  34   1              {
  35   2                      _nop_();
  36   2                      i = 2;
  37   2                      j = 199;
  38   2                      do
  39   2                      {
  40   3                              while (--j);
  41   3                      } while (--i);
  42   2                      x--;
  43   2              }       
  44   1      }
  45          void show_digital(char num, char index)
  46          {
  47   1              char led_digital[] = {
  48   1                      0x06, 0x5b, 0x4f, // 1, 2, 3
  49   1                      0x66, 0x6d, 0x7d, // 4, 5, 6
  50   1                      0x07, 0x7f, 0x6f,// 7, 8, 9
  51   1                      0x3f // 0
  52   1              };
  53   1              
  54   1              P2 = 0x00;
C51 COMPILER V9.60.7.0   MAIN                                                              01/16/2025 22:09:17 PAGE 2   

  55   1              index = index << 2;
  56   1              P2 = P2 | index;
  57   1      
  58   1              P0 = led_digital[num];
  59   1      }


MODULE INFORMATION:   STATIC OVERLAYABLE
   CODE SIZE        =    118    ----
   CONSTANT SIZE    =     10    ----
   XDATA SIZE       =   ----    ----
   PDATA SIZE       =   ----    ----
   DATA SIZE        =   ----      14
   IDATA SIZE       =   ----    ----
   BIT SIZE         =   ----    ----
END OF MODULE INFORMATION.


C51 COMPILATION COMPLETE.  0 WARNING(S),  0 ERROR(S)
